/*C12*/SET SCHEMA PUBLIC
SET SCHEMA "PUBLIC"
INSERT INTO PERSON VALUES(1,'Iago','86730543540')
INSERT INTO PERSON VALUES(2,'Pedro','55565893569')
INSERT INTO PERSON VALUES(3,'Cau\u00ea','38767897100')
INSERT INTO PERSON VALUES(4,'Breno','78673781620')
INSERT INTO PERSON VALUES(5,'Thiago','72788740417')
INSERT INTO PHONE VALUES(1,'41','999570146',1)
INSERT INTO PHONE VALUES(2,'82','39945903',2)
INSERT INTO PHONE VALUES(3,'86','35006330',3)
INSERT INTO PHONE VALUES(4,'21','997538804',4)
INSERT INTO PHONE VALUES(5,'95','38416516',5)
INSERT INTO ADDRESS VALUES(1,'Rua dos Ger\u00e2nios','497','XXXX','Pricum\u00e3','Boa Vista','RR',1)
INSERT INTO ADDRESS VALUES(2,'Rua dos Ger\u00e2nios','497','XXXX','Pricum\u00e3','Boa Vista','RR',2)
INSERT INTO ADDRESS VALUES(3,'Rua dos Ger\u00e2nios','497','XXXX','Pricum\u00e3','Boa Vista','RR',3)
INSERT INTO ADDRESS VALUES(4,'Rua dos Ger\u00e2nios','497','XXXX','Pricum\u00e3','Boa Vista','RR',4)
INSERT INTO ADDRESS VALUES(5,'Rua dos Ger\u00e2nios','497','XXXX','Pricum\u00e3','Boa Vista','RR',5)
ALTER SEQUENCE PUBLIC.PERSON_ID_SEQ RESTART WITH 6
ALTER SEQUENCE PUBLIC.PHONE_ID_SEQ RESTART WITH 6
ALTER SEQUENCE PUBLIC.ADDRESS_ID_SEQ RESTART WITH 6
COMMIT
DELETE FROM PERSON WHERE ID=1
INSERT INTO PERSON VALUES(1,'Kaike','01383938504')
COMMIT
DELETE FROM PHONE WHERE ID=1
DELETE FROM PHONE WHERE ID=2
DELETE FROM PHONE WHERE ID=3
DELETE FROM PHONE WHERE ID=4
DELETE FROM PHONE WHERE ID=5
DELETE FROM ADDRESS WHERE ID=1
DELETE FROM ADDRESS WHERE ID=2
DELETE FROM ADDRESS WHERE ID=3
DELETE FROM ADDRESS WHERE ID=4
DELETE FROM ADDRESS WHERE ID=5
DELETE FROM PERSON WHERE ID=1
DELETE FROM PERSON WHERE ID=2
DELETE FROM PERSON WHERE ID=3
DELETE FROM PERSON WHERE ID=4
DELETE FROM PERSON WHERE ID=5
COMMIT
ALTER SEQUENCE phone_id_seq RESTART WITH 1
ALTER SEQUENCE address_id_seq RESTART WITH 1
ALTER SEQUENCE person_id_seq RESTART WITH 1
INSERT INTO PERSON VALUES(1,'Iago','86730543540')
INSERT INTO PERSON VALUES(2,'Pedro','55565893569')
INSERT INTO PERSON VALUES(3,'Cau\u00ea','38767897100')
INSERT INTO PERSON VALUES(4,'Breno','78673781620')
INSERT INTO PERSON VALUES(5,'Thiago','72788740417')
INSERT INTO PHONE VALUES(1,'41','999570146',1)
INSERT INTO PHONE VALUES(2,'82','39945903',2)
INSERT INTO PHONE VALUES(3,'86','35006330',3)
INSERT INTO PHONE VALUES(4,'21','997538804',4)
INSERT INTO PHONE VALUES(5,'95','38416516',5)
INSERT INTO ADDRESS VALUES(1,'Rua dos Ger\u00e2nios','497','XXXX','Pricum\u00e3','Boa Vista','RR',1)
INSERT INTO ADDRESS VALUES(2,'Rua dos Ger\u00e2nios','497','XXXX','Pricum\u00e3','Boa Vista','RR',2)
INSERT INTO ADDRESS VALUES(3,'Rua dos Ger\u00e2nios','497','XXXX','Pricum\u00e3','Boa Vista','RR',3)
INSERT INTO ADDRESS VALUES(4,'Rua dos Ger\u00e2nios','497','XXXX','Pricum\u00e3','Boa Vista','RR',4)
INSERT INTO ADDRESS VALUES(5,'Rua dos Ger\u00e2nios','497','XXXX','Pricum\u00e3','Boa Vista','RR',5)
ALTER SEQUENCE PUBLIC.PERSON_ID_SEQ RESTART WITH 6
ALTER SEQUENCE PUBLIC.PHONE_ID_SEQ RESTART WITH 6
ALTER SEQUENCE PUBLIC.ADDRESS_ID_SEQ RESTART WITH 6
COMMIT
DELETE FROM PHONE WHERE ID=1
DELETE FROM PHONE WHERE ID=2
DELETE FROM PHONE WHERE ID=3
DELETE FROM PHONE WHERE ID=4
DELETE FROM PHONE WHERE ID=5
DELETE FROM ADDRESS WHERE ID=1
DELETE FROM ADDRESS WHERE ID=2
DELETE FROM ADDRESS WHERE ID=3
DELETE FROM ADDRESS WHERE ID=4
DELETE FROM ADDRESS WHERE ID=5
DELETE FROM PERSON WHERE ID=1
DELETE FROM PERSON WHERE ID=2
DELETE FROM PERSON WHERE ID=3
DELETE FROM PERSON WHERE ID=4
DELETE FROM PERSON WHERE ID=5
COMMIT
ALTER SEQUENCE phone_id_seq RESTART WITH 1
ALTER SEQUENCE address_id_seq RESTART WITH 1
ALTER SEQUENCE person_id_seq RESTART WITH 1
INSERT INTO PERSON VALUES(1,'Iago','86730543540')
INSERT INTO PERSON VALUES(2,'Pedro','55565893569')
INSERT INTO PERSON VALUES(3,'Cau\u00ea','38767897100')
INSERT INTO PERSON VALUES(4,'Breno','78673781620')
INSERT INTO PERSON VALUES(5,'Thiago','72788740417')
INSERT INTO PHONE VALUES(1,'41','999570146',1)
INSERT INTO PHONE VALUES(2,'82','39945903',2)
INSERT INTO PHONE VALUES(3,'86','35006330',3)
INSERT INTO PHONE VALUES(4,'21','997538804',4)
INSERT INTO PHONE VALUES(5,'95','38416516',5)
INSERT INTO ADDRESS VALUES(1,'Rua dos Ger\u00e2nios','497','XXXX','Pricum\u00e3','Boa Vista','RR',1)
INSERT INTO ADDRESS VALUES(2,'Rua dos Ger\u00e2nios','497','XXXX','Pricum\u00e3','Boa Vista','RR',2)
INSERT INTO ADDRESS VALUES(3,'Rua dos Ger\u00e2nios','497','XXXX','Pricum\u00e3','Boa Vista','RR',3)
INSERT INTO ADDRESS VALUES(4,'Rua dos Ger\u00e2nios','497','XXXX','Pricum\u00e3','Boa Vista','RR',4)
INSERT INTO ADDRESS VALUES(5,'Rua dos Ger\u00e2nios','497','XXXX','Pricum\u00e3','Boa Vista','RR',5)
ALTER SEQUENCE PUBLIC.PERSON_ID_SEQ RESTART WITH 6
ALTER SEQUENCE PUBLIC.PHONE_ID_SEQ RESTART WITH 6
ALTER SEQUENCE PUBLIC.ADDRESS_ID_SEQ RESTART WITH 6
COMMIT
DELETE FROM PHONE WHERE ID=1
DELETE FROM PHONE WHERE ID=2
DELETE FROM PHONE WHERE ID=3
DELETE FROM PHONE WHERE ID=4
DELETE FROM PHONE WHERE ID=5
DELETE FROM ADDRESS WHERE ID=1
DELETE FROM ADDRESS WHERE ID=2
DELETE FROM ADDRESS WHERE ID=3
DELETE FROM ADDRESS WHERE ID=4
DELETE FROM ADDRESS WHERE ID=5
DELETE FROM PERSON WHERE ID=1
DELETE FROM PERSON WHERE ID=2
DELETE FROM PERSON WHERE ID=3
DELETE FROM PERSON WHERE ID=4
DELETE FROM PERSON WHERE ID=5
COMMIT
ALTER SEQUENCE phone_id_seq RESTART WITH 1
ALTER SEQUENCE address_id_seq RESTART WITH 1
ALTER SEQUENCE person_id_seq RESTART WITH 1
INSERT INTO PERSON VALUES(1,'Iago','86730543540')
INSERT INTO PERSON VALUES(2,'Pedro','55565893569')
INSERT INTO PERSON VALUES(3,'Cau\u00ea','38767897100')
INSERT INTO PERSON VALUES(4,'Breno','78673781620')
INSERT INTO PERSON VALUES(5,'Thiago','72788740417')
INSERT INTO PHONE VALUES(1,'41','999570146',1)
INSERT INTO PHONE VALUES(2,'82','39945903',2)
INSERT INTO PHONE VALUES(3,'86','35006330',3)
INSERT INTO PHONE VALUES(4,'21','997538804',4)
INSERT INTO PHONE VALUES(5,'95','38416516',5)
INSERT INTO ADDRESS VALUES(1,'Rua dos Ger\u00e2nios','497','XXXX','Pricum\u00e3','Boa Vista','RR',1)
INSERT INTO ADDRESS VALUES(2,'Rua dos Ger\u00e2nios','497','XXXX','Pricum\u00e3','Boa Vista','RR',2)
INSERT INTO ADDRESS VALUES(3,'Rua dos Ger\u00e2nios','497','XXXX','Pricum\u00e3','Boa Vista','RR',3)
INSERT INTO ADDRESS VALUES(4,'Rua dos Ger\u00e2nios','497','XXXX','Pricum\u00e3','Boa Vista','RR',4)
INSERT INTO ADDRESS VALUES(5,'Rua dos Ger\u00e2nios','497','XXXX','Pricum\u00e3','Boa Vista','RR',5)
ALTER SEQUENCE PUBLIC.PERSON_ID_SEQ RESTART WITH 6
ALTER SEQUENCE PUBLIC.PHONE_ID_SEQ RESTART WITH 6
ALTER SEQUENCE PUBLIC.ADDRESS_ID_SEQ RESTART WITH 6
COMMIT
DELETE FROM PHONE WHERE ID=1
DELETE FROM PHONE WHERE ID=2
DELETE FROM PHONE WHERE ID=3
DELETE FROM PHONE WHERE ID=4
DELETE FROM PHONE WHERE ID=5
DELETE FROM ADDRESS WHERE ID=1
DELETE FROM ADDRESS WHERE ID=2
DELETE FROM ADDRESS WHERE ID=3
DELETE FROM ADDRESS WHERE ID=4
DELETE FROM ADDRESS WHERE ID=5
DELETE FROM PERSON WHERE ID=1
DELETE FROM PERSON WHERE ID=2
DELETE FROM PERSON WHERE ID=3
DELETE FROM PERSON WHERE ID=4
DELETE FROM PERSON WHERE ID=5
COMMIT
ALTER SEQUENCE phone_id_seq RESTART WITH 1
ALTER SEQUENCE address_id_seq RESTART WITH 1
ALTER SEQUENCE person_id_seq RESTART WITH 1
INSERT INTO PERSON VALUES(1,'Iago','86730543540')
INSERT INTO PERSON VALUES(2,'Pedro','55565893569')
INSERT INTO PERSON VALUES(3,'Cau\u00ea','38767897100')
INSERT INTO PERSON VALUES(4,'Breno','78673781620')
INSERT INTO PERSON VALUES(5,'Thiago','72788740417')
INSERT INTO PHONE VALUES(1,'41','999570146',1)
INSERT INTO PHONE VALUES(2,'82','39945903',2)
INSERT INTO PHONE VALUES(3,'86','35006330',3)
INSERT INTO PHONE VALUES(4,'21','997538804',4)
INSERT INTO PHONE VALUES(5,'95','38416516',5)
INSERT INTO ADDRESS VALUES(1,'Rua dos Ger\u00e2nios','497','XXXX','Pricum\u00e3','Boa Vista','RR',1)
INSERT INTO ADDRESS VALUES(2,'Rua dos Ger\u00e2nios','497','XXXX','Pricum\u00e3','Boa Vista','RR',2)
INSERT INTO ADDRESS VALUES(3,'Rua dos Ger\u00e2nios','497','XXXX','Pricum\u00e3','Boa Vista','RR',3)
INSERT INTO ADDRESS VALUES(4,'Rua dos Ger\u00e2nios','497','XXXX','Pricum\u00e3','Boa Vista','RR',4)
INSERT INTO ADDRESS VALUES(5,'Rua dos Ger\u00e2nios','497','XXXX','Pricum\u00e3','Boa Vista','RR',5)
ALTER SEQUENCE PUBLIC.PERSON_ID_SEQ RESTART WITH 6
ALTER SEQUENCE PUBLIC.PHONE_ID_SEQ RESTART WITH 6
ALTER SEQUENCE PUBLIC.ADDRESS_ID_SEQ RESTART WITH 6
COMMIT
DELETE FROM PHONE WHERE ID=1
DELETE FROM PHONE WHERE ID=2
DELETE FROM PHONE WHERE ID=3
DELETE FROM PHONE WHERE ID=4
DELETE FROM PHONE WHERE ID=5
DELETE FROM ADDRESS WHERE ID=1
DELETE FROM ADDRESS WHERE ID=2
DELETE FROM ADDRESS WHERE ID=3
DELETE FROM ADDRESS WHERE ID=4
DELETE FROM ADDRESS WHERE ID=5
DELETE FROM PERSON WHERE ID=1
DELETE FROM PERSON WHERE ID=2
DELETE FROM PERSON WHERE ID=3
DELETE FROM PERSON WHERE ID=4
DELETE FROM PERSON WHERE ID=5
COMMIT
ALTER SEQUENCE phone_id_seq RESTART WITH 1
ALTER SEQUENCE address_id_seq RESTART WITH 1
ALTER SEQUENCE person_id_seq RESTART WITH 1
INSERT INTO PERSON VALUES(1,'Iago','86730543540')
INSERT INTO PERSON VALUES(2,'Pedro','55565893569')
INSERT INTO PERSON VALUES(3,'Cau\u00ea','38767897100')
INSERT INTO PERSON VALUES(4,'Breno','78673781620')
INSERT INTO PERSON VALUES(5,'Thiago','72788740417')
INSERT INTO PHONE VALUES(1,'41','999570146',1)
INSERT INTO PHONE VALUES(2,'82','39945903',2)
INSERT INTO PHONE VALUES(3,'86','35006330',3)
INSERT INTO PHONE VALUES(4,'21','997538804',4)
INSERT INTO PHONE VALUES(5,'95','38416516',5)
INSERT INTO ADDRESS VALUES(1,'Rua dos Ger\u00e2nios','497','XXXX','Pricum\u00e3','Boa Vista','RR',1)
INSERT INTO ADDRESS VALUES(2,'Rua dos Ger\u00e2nios','497','XXXX','Pricum\u00e3','Boa Vista','RR',2)
INSERT INTO ADDRESS VALUES(3,'Rua dos Ger\u00e2nios','497','XXXX','Pricum\u00e3','Boa Vista','RR',3)
INSERT INTO ADDRESS VALUES(4,'Rua dos Ger\u00e2nios','497','XXXX','Pricum\u00e3','Boa Vista','RR',4)
INSERT INTO ADDRESS VALUES(5,'Rua dos Ger\u00e2nios','497','XXXX','Pricum\u00e3','Boa Vista','RR',5)
ALTER SEQUENCE PUBLIC.PERSON_ID_SEQ RESTART WITH 6
ALTER SEQUENCE PUBLIC.PHONE_ID_SEQ RESTART WITH 6
ALTER SEQUENCE PUBLIC.ADDRESS_ID_SEQ RESTART WITH 6
COMMIT
DELETE FROM PHONE WHERE ID=1
DELETE FROM PHONE WHERE ID=2
DELETE FROM PHONE WHERE ID=3
DELETE FROM PHONE WHERE ID=4
DELETE FROM PHONE WHERE ID=5
DELETE FROM ADDRESS WHERE ID=1
DELETE FROM ADDRESS WHERE ID=2
DELETE FROM ADDRESS WHERE ID=3
DELETE FROM ADDRESS WHERE ID=4
DELETE FROM ADDRESS WHERE ID=5
DELETE FROM PERSON WHERE ID=1
DELETE FROM PERSON WHERE ID=2
DELETE FROM PERSON WHERE ID=3
DELETE FROM PERSON WHERE ID=4
DELETE FROM PERSON WHERE ID=5
COMMIT
ALTER SEQUENCE phone_id_seq RESTART WITH 1
ALTER SEQUENCE address_id_seq RESTART WITH 1
ALTER SEQUENCE person_id_seq RESTART WITH 1
INSERT INTO PERSON VALUES(1,'Iago','86730543540')
INSERT INTO PERSON VALUES(2,'Pedro','55565893569')
INSERT INTO PERSON VALUES(3,'Cau\u00ea','38767897100')
INSERT INTO PERSON VALUES(4,'Breno','78673781620')
INSERT INTO PERSON VALUES(5,'Thiago','72788740417')
INSERT INTO PHONE VALUES(1,'41','999570146',1)
INSERT INTO PHONE VALUES(2,'82','39945903',2)
INSERT INTO PHONE VALUES(3,'86','35006330',3)
INSERT INTO PHONE VALUES(4,'21','997538804',4)
INSERT INTO PHONE VALUES(5,'95','38416516',5)
INSERT INTO ADDRESS VALUES(1,'Rua dos Ger\u00e2nios','497','XXXX','Pricum\u00e3','Boa Vista','RR',1)
INSERT INTO ADDRESS VALUES(2,'Rua dos Ger\u00e2nios','497','XXXX','Pricum\u00e3','Boa Vista','RR',2)
INSERT INTO ADDRESS VALUES(3,'Rua dos Ger\u00e2nios','497','XXXX','Pricum\u00e3','Boa Vista','RR',3)
INSERT INTO ADDRESS VALUES(4,'Rua dos Ger\u00e2nios','497','XXXX','Pricum\u00e3','Boa Vista','RR',4)
INSERT INTO ADDRESS VALUES(5,'Rua dos Ger\u00e2nios','497','XXXX','Pricum\u00e3','Boa Vista','RR',5)
ALTER SEQUENCE PUBLIC.PERSON_ID_SEQ RESTART WITH 6
ALTER SEQUENCE PUBLIC.PHONE_ID_SEQ RESTART WITH 6
ALTER SEQUENCE PUBLIC.ADDRESS_ID_SEQ RESTART WITH 6
COMMIT
DELETE FROM PHONE WHERE ID=1
DELETE FROM PHONE WHERE ID=2
DELETE FROM PHONE WHERE ID=3
DELETE FROM PHONE WHERE ID=4
DELETE FROM PHONE WHERE ID=5
DELETE FROM ADDRESS WHERE ID=1
DELETE FROM ADDRESS WHERE ID=2
DELETE FROM ADDRESS WHERE ID=3
DELETE FROM ADDRESS WHERE ID=4
DELETE FROM ADDRESS WHERE ID=5
DELETE FROM PERSON WHERE ID=1
DELETE FROM PERSON WHERE ID=2
DELETE FROM PERSON WHERE ID=3
DELETE FROM PERSON WHERE ID=4
DELETE FROM PERSON WHERE ID=5
COMMIT
ALTER SEQUENCE phone_id_seq RESTART WITH 1
ALTER SEQUENCE address_id_seq RESTART WITH 1
ALTER SEQUENCE person_id_seq RESTART WITH 1
INSERT INTO PERSON VALUES(1,'Iago','86730543540')
INSERT INTO PERSON VALUES(2,'Pedro','55565893569')
INSERT INTO PERSON VALUES(3,'Cau\u00ea','38767897100')
INSERT INTO PERSON VALUES(4,'Breno','78673781620')
INSERT INTO PERSON VALUES(5,'Thiago','72788740417')
INSERT INTO PHONE VALUES(1,'41','999570146',1)
INSERT INTO PHONE VALUES(2,'82','39945903',2)
INSERT INTO PHONE VALUES(3,'86','35006330',3)
INSERT INTO PHONE VALUES(4,'21','997538804',4)
INSERT INTO PHONE VALUES(5,'95','38416516',5)
INSERT INTO ADDRESS VALUES(1,'Rua dos Ger\u00e2nios','497','XXXX','Pricum\u00e3','Boa Vista','RR',1)
INSERT INTO ADDRESS VALUES(2,'Rua dos Ger\u00e2nios','497','XXXX','Pricum\u00e3','Boa Vista','RR',2)
INSERT INTO ADDRESS VALUES(3,'Rua dos Ger\u00e2nios','497','XXXX','Pricum\u00e3','Boa Vista','RR',3)
INSERT INTO ADDRESS VALUES(4,'Rua dos Ger\u00e2nios','497','XXXX','Pricum\u00e3','Boa Vista','RR',4)
INSERT INTO ADDRESS VALUES(5,'Rua dos Ger\u00e2nios','497','XXXX','Pricum\u00e3','Boa Vista','RR',5)
ALTER SEQUENCE PUBLIC.PERSON_ID_SEQ RESTART WITH 6
ALTER SEQUENCE PUBLIC.PHONE_ID_SEQ RESTART WITH 6
ALTER SEQUENCE PUBLIC.ADDRESS_ID_SEQ RESTART WITH 6
COMMIT
DELETE FROM PHONE WHERE ID=1
DELETE FROM PHONE WHERE ID=2
DELETE FROM PHONE WHERE ID=3
DELETE FROM PHONE WHERE ID=4
DELETE FROM PHONE WHERE ID=5
DELETE FROM ADDRESS WHERE ID=1
DELETE FROM ADDRESS WHERE ID=2
DELETE FROM ADDRESS WHERE ID=3
DELETE FROM ADDRESS WHERE ID=4
DELETE FROM ADDRESS WHERE ID=5
DELETE FROM PERSON WHERE ID=1
DELETE FROM PERSON WHERE ID=2
DELETE FROM PERSON WHERE ID=3
DELETE FROM PERSON WHERE ID=4
DELETE FROM PERSON WHERE ID=5
COMMIT
ALTER SEQUENCE phone_id_seq RESTART WITH 1
ALTER SEQUENCE address_id_seq RESTART WITH 1
ALTER SEQUENCE person_id_seq RESTART WITH 1
INSERT INTO PERSON VALUES(1,'Iago','86730543540')
INSERT INTO PERSON VALUES(2,'Pedro','55565893569')
INSERT INTO PERSON VALUES(3,'Cau\u00ea','38767897100')
INSERT INTO PERSON VALUES(4,'Breno','78673781620')
INSERT INTO PERSON VALUES(5,'Thiago','72788740417')
INSERT INTO PHONE VALUES(1,'41','999570146',1)
INSERT INTO PHONE VALUES(2,'82','39945903',2)
INSERT INTO PHONE VALUES(3,'86','35006330',3)
INSERT INTO PHONE VALUES(4,'21','997538804',4)
INSERT INTO PHONE VALUES(5,'95','38416516',5)
INSERT INTO ADDRESS VALUES(1,'Rua dos Ger\u00e2nios','497','XXXX','Pricum\u00e3','Boa Vista','RR',1)
INSERT INTO ADDRESS VALUES(2,'Rua dos Ger\u00e2nios','497','XXXX','Pricum\u00e3','Boa Vista','RR',2)
INSERT INTO ADDRESS VALUES(3,'Rua dos Ger\u00e2nios','497','XXXX','Pricum\u00e3','Boa Vista','RR',3)
INSERT INTO ADDRESS VALUES(4,'Rua dos Ger\u00e2nios','497','XXXX','Pricum\u00e3','Boa Vista','RR',4)
INSERT INTO ADDRESS VALUES(5,'Rua dos Ger\u00e2nios','497','XXXX','Pricum\u00e3','Boa Vista','RR',5)
ALTER SEQUENCE PUBLIC.PERSON_ID_SEQ RESTART WITH 6
ALTER SEQUENCE PUBLIC.PHONE_ID_SEQ RESTART WITH 6
ALTER SEQUENCE PUBLIC.ADDRESS_ID_SEQ RESTART WITH 6
COMMIT
DELETE FROM ADDRESS WHERE ID=1
DELETE FROM PHONE WHERE ID=1
DELETE FROM PERSON WHERE ID=1
COMMIT
DELETE FROM PHONE WHERE ID=2
DELETE FROM PHONE WHERE ID=3
DELETE FROM PHONE WHERE ID=4
DELETE FROM PHONE WHERE ID=5
DELETE FROM ADDRESS WHERE ID=2
DELETE FROM ADDRESS WHERE ID=3
DELETE FROM ADDRESS WHERE ID=4
DELETE FROM ADDRESS WHERE ID=5
DELETE FROM PERSON WHERE ID=2
DELETE FROM PERSON WHERE ID=3
DELETE FROM PERSON WHERE ID=4
DELETE FROM PERSON WHERE ID=5
COMMIT
ALTER SEQUENCE phone_id_seq RESTART WITH 1
ALTER SEQUENCE address_id_seq RESTART WITH 1
ALTER SEQUENCE person_id_seq RESTART WITH 1
INSERT INTO PERSON VALUES(1,'Iago','86730543540')
INSERT INTO PERSON VALUES(2,'Pedro','55565893569')
INSERT INTO PERSON VALUES(3,'Cau\u00ea','38767897100')
INSERT INTO PERSON VALUES(4,'Breno','78673781620')
INSERT INTO PERSON VALUES(5,'Thiago','72788740417')
INSERT INTO PHONE VALUES(1,'41','999570146',1)
INSERT INTO PHONE VALUES(2,'82','39945903',2)
INSERT INTO PHONE VALUES(3,'86','35006330',3)
INSERT INTO PHONE VALUES(4,'21','997538804',4)
INSERT INTO PHONE VALUES(5,'95','38416516',5)
INSERT INTO ADDRESS VALUES(1,'Rua dos Ger\u00e2nios','497','XXXX','Pricum\u00e3','Boa Vista','RR',1)
INSERT INTO ADDRESS VALUES(2,'Rua dos Ger\u00e2nios','497','XXXX','Pricum\u00e3','Boa Vista','RR',2)
INSERT INTO ADDRESS VALUES(3,'Rua dos Ger\u00e2nios','497','XXXX','Pricum\u00e3','Boa Vista','RR',3)
INSERT INTO ADDRESS VALUES(4,'Rua dos Ger\u00e2nios','497','XXXX','Pricum\u00e3','Boa Vista','RR',4)
INSERT INTO ADDRESS VALUES(5,'Rua dos Ger\u00e2nios','497','XXXX','Pricum\u00e3','Boa Vista','RR',5)
ALTER SEQUENCE PUBLIC.PERSON_ID_SEQ RESTART WITH 6
ALTER SEQUENCE PUBLIC.PHONE_ID_SEQ RESTART WITH 6
ALTER SEQUENCE PUBLIC.ADDRESS_ID_SEQ RESTART WITH 6
COMMIT
DELETE FROM PHONE WHERE ID=1
DELETE FROM PHONE WHERE ID=2
DELETE FROM PHONE WHERE ID=3
DELETE FROM PHONE WHERE ID=4
DELETE FROM PHONE WHERE ID=5
DELETE FROM ADDRESS WHERE ID=1
DELETE FROM ADDRESS WHERE ID=2
DELETE FROM ADDRESS WHERE ID=3
DELETE FROM ADDRESS WHERE ID=4
DELETE FROM ADDRESS WHERE ID=5
DELETE FROM PERSON WHERE ID=1
DELETE FROM PERSON WHERE ID=2
DELETE FROM PERSON WHERE ID=3
DELETE FROM PERSON WHERE ID=4
DELETE FROM PERSON WHERE ID=5
COMMIT
ALTER SEQUENCE phone_id_seq RESTART WITH 1
ALTER SEQUENCE address_id_seq RESTART WITH 1
ALTER SEQUENCE person_id_seq RESTART WITH 1
INSERT INTO PERSON VALUES(1,'Iago','86730543540')
INSERT INTO PERSON VALUES(2,'Pedro','55565893569')
INSERT INTO PERSON VALUES(3,'Cau\u00ea','38767897100')
INSERT INTO PERSON VALUES(4,'Breno','78673781620')
INSERT INTO PERSON VALUES(5,'Thiago','72788740417')
INSERT INTO PHONE VALUES(1,'41','999570146',1)
INSERT INTO PHONE VALUES(2,'82','39945903',2)
INSERT INTO PHONE VALUES(3,'86','35006330',3)
INSERT INTO PHONE VALUES(4,'21','997538804',4)
INSERT INTO PHONE VALUES(5,'95','38416516',5)
INSERT INTO ADDRESS VALUES(1,'Rua dos Ger\u00e2nios','497','XXXX','Pricum\u00e3','Boa Vista','RR',1)
INSERT INTO ADDRESS VALUES(2,'Rua dos Ger\u00e2nios','497','XXXX','Pricum\u00e3','Boa Vista','RR',2)
INSERT INTO ADDRESS VALUES(3,'Rua dos Ger\u00e2nios','497','XXXX','Pricum\u00e3','Boa Vista','RR',3)
INSERT INTO ADDRESS VALUES(4,'Rua dos Ger\u00e2nios','497','XXXX','Pricum\u00e3','Boa Vista','RR',4)
INSERT INTO ADDRESS VALUES(5,'Rua dos Ger\u00e2nios','497','XXXX','Pricum\u00e3','Boa Vista','RR',5)
ALTER SEQUENCE PUBLIC.PERSON_ID_SEQ RESTART WITH 6
ALTER SEQUENCE PUBLIC.PHONE_ID_SEQ RESTART WITH 6
ALTER SEQUENCE PUBLIC.ADDRESS_ID_SEQ RESTART WITH 6
COMMIT
DELETE FROM PHONE WHERE ID=1
DELETE FROM PHONE WHERE ID=2
DELETE FROM PHONE WHERE ID=3
DELETE FROM PHONE WHERE ID=4
DELETE FROM PHONE WHERE ID=5
DELETE FROM ADDRESS WHERE ID=1
DELETE FROM ADDRESS WHERE ID=2
DELETE FROM ADDRESS WHERE ID=3
DELETE FROM ADDRESS WHERE ID=4
DELETE FROM ADDRESS WHERE ID=5
DELETE FROM PERSON WHERE ID=1
DELETE FROM PERSON WHERE ID=2
DELETE FROM PERSON WHERE ID=3
DELETE FROM PERSON WHERE ID=4
DELETE FROM PERSON WHERE ID=5
COMMIT
ALTER SEQUENCE phone_id_seq RESTART WITH 1
ALTER SEQUENCE address_id_seq RESTART WITH 1
ALTER SEQUENCE person_id_seq RESTART WITH 1
INSERT INTO PERSON VALUES(1,'Iago','86730543540')
INSERT INTO PERSON VALUES(2,'Pedro','55565893569')
INSERT INTO PERSON VALUES(3,'Cau\u00ea','38767897100')
INSERT INTO PERSON VALUES(4,'Breno','78673781620')
INSERT INTO PERSON VALUES(5,'Thiago','72788740417')
INSERT INTO PHONE VALUES(1,'41','999570146',1)
INSERT INTO PHONE VALUES(2,'82','39945903',2)
INSERT INTO PHONE VALUES(3,'86','35006330',3)
INSERT INTO PHONE VALUES(4,'21','997538804',4)
INSERT INTO PHONE VALUES(5,'95','38416516',5)
INSERT INTO ADDRESS VALUES(1,'Rua dos Ger\u00e2nios','497','XXXX','Pricum\u00e3','Boa Vista','RR',1)
INSERT INTO ADDRESS VALUES(2,'Rua dos Ger\u00e2nios','497','XXXX','Pricum\u00e3','Boa Vista','RR',2)
INSERT INTO ADDRESS VALUES(3,'Rua dos Ger\u00e2nios','497','XXXX','Pricum\u00e3','Boa Vista','RR',3)
INSERT INTO ADDRESS VALUES(4,'Rua dos Ger\u00e2nios','497','XXXX','Pricum\u00e3','Boa Vista','RR',4)
INSERT INTO ADDRESS VALUES(5,'Rua dos Ger\u00e2nios','497','XXXX','Pricum\u00e3','Boa Vista','RR',5)
ALTER SEQUENCE PUBLIC.PERSON_ID_SEQ RESTART WITH 6
ALTER SEQUENCE PUBLIC.PHONE_ID_SEQ RESTART WITH 6
ALTER SEQUENCE PUBLIC.ADDRESS_ID_SEQ RESTART WITH 6
COMMIT
INSERT INTO PERSON VALUES(6,'Lorenzo','62461410720')
ALTER SEQUENCE PUBLIC.PERSON_ID_SEQ RESTART WITH 7
COMMIT
DELETE FROM PHONE WHERE ID=1
DELETE FROM PHONE WHERE ID=2
DELETE FROM PHONE WHERE ID=3
DELETE FROM PHONE WHERE ID=4
DELETE FROM PHONE WHERE ID=5
DELETE FROM ADDRESS WHERE ID=1
DELETE FROM ADDRESS WHERE ID=2
DELETE FROM ADDRESS WHERE ID=3
DELETE FROM ADDRESS WHERE ID=4
DELETE FROM ADDRESS WHERE ID=5
DELETE FROM PERSON WHERE ID=1
DELETE FROM PERSON WHERE ID=2
DELETE FROM PERSON WHERE ID=3
DELETE FROM PERSON WHERE ID=4
DELETE FROM PERSON WHERE ID=5
DELETE FROM PERSON WHERE ID=6
COMMIT
ALTER SEQUENCE phone_id_seq RESTART WITH 1
ALTER SEQUENCE address_id_seq RESTART WITH 1
ALTER SEQUENCE person_id_seq RESTART WITH 1
INSERT INTO PERSON VALUES(1,'Iago','86730543540')
INSERT INTO PERSON VALUES(2,'Pedro','55565893569')
INSERT INTO PERSON VALUES(3,'Cau\u00ea','38767897100')
INSERT INTO PERSON VALUES(4,'Breno','78673781620')
INSERT INTO PERSON VALUES(5,'Thiago','72788740417')
INSERT INTO PHONE VALUES(1,'41','999570146',1)
INSERT INTO PHONE VALUES(2,'82','39945903',2)
INSERT INTO PHONE VALUES(3,'86','35006330',3)
INSERT INTO PHONE VALUES(4,'21','997538804',4)
INSERT INTO PHONE VALUES(5,'95','38416516',5)
INSERT INTO ADDRESS VALUES(1,'Rua dos Ger\u00e2nios','497','XXXX','Pricum\u00e3','Boa Vista','RR',1)
INSERT INTO ADDRESS VALUES(2,'Rua dos Ger\u00e2nios','497','XXXX','Pricum\u00e3','Boa Vista','RR',2)
INSERT INTO ADDRESS VALUES(3,'Rua dos Ger\u00e2nios','497','XXXX','Pricum\u00e3','Boa Vista','RR',3)
INSERT INTO ADDRESS VALUES(4,'Rua dos Ger\u00e2nios','497','XXXX','Pricum\u00e3','Boa Vista','RR',4)
INSERT INTO ADDRESS VALUES(5,'Rua dos Ger\u00e2nios','497','XXXX','Pricum\u00e3','Boa Vista','RR',5)
ALTER SEQUENCE PUBLIC.PERSON_ID_SEQ RESTART WITH 6
ALTER SEQUENCE PUBLIC.PHONE_ID_SEQ RESTART WITH 6
ALTER SEQUENCE PUBLIC.ADDRESS_ID_SEQ RESTART WITH 6
COMMIT
DELETE FROM PHONE WHERE ID=1
DELETE FROM PHONE WHERE ID=2
DELETE FROM PHONE WHERE ID=3
DELETE FROM PHONE WHERE ID=4
DELETE FROM PHONE WHERE ID=5
DELETE FROM ADDRESS WHERE ID=1
DELETE FROM ADDRESS WHERE ID=2
DELETE FROM ADDRESS WHERE ID=3
DELETE FROM ADDRESS WHERE ID=4
DELETE FROM ADDRESS WHERE ID=5
DELETE FROM PERSON WHERE ID=1
DELETE FROM PERSON WHERE ID=2
DELETE FROM PERSON WHERE ID=3
DELETE FROM PERSON WHERE ID=4
DELETE FROM PERSON WHERE ID=5
COMMIT
ALTER SEQUENCE phone_id_seq RESTART WITH 1
ALTER SEQUENCE address_id_seq RESTART WITH 1
ALTER SEQUENCE person_id_seq RESTART WITH 1
DISCONNECT
/*C13*/SET SCHEMA PUBLIC
DISCONNECT
/*C14*/SET SCHEMA PUBLIC
DISCONNECT
/*C15*/SET SCHEMA PUBLIC
DISCONNECT
/*C16*/SET SCHEMA PUBLIC
DISCONNECT
/*C17*/SET SCHEMA PUBLIC
DISCONNECT
/*C18*/SET SCHEMA PUBLIC
DISCONNECT
/*C19*/SET SCHEMA PUBLIC
DISCONNECT
/*C20*/SET SCHEMA PUBLIC
DISCONNECT
/*C21*/SET SCHEMA PUBLIC
DISCONNECT
